###############################################################################
#
# IAR C/C++ Compiler V6.10.2.50871/W32 for MSP430         07/Nov/2016  10:14:24
# Copyright 1996-2014 IAR Systems AB.
# Standalone license - IAR Embedded Workbench for Texas Instruments MSP430, 8K KickStart Edition 6.10
#
#    __rt_version  =  3
#    __double_size =  32
#    __reg_r4      =  free
#    __reg_r5      =  free
#    __pic         =  no
#    __core        =  430X
#    __data_model  =  small
#    __code_model  =  large
#    Source file   =  
#        C:\Documents and Settings\Daniel\My
#        Documents\IAR_Projects\LEDinterrupt430FR\configureClocks.s43.c
#    Command line  =  
#        "C:\Documents and Settings\Daniel\My
#        Documents\IAR_Projects\LEDinterrupt430FR\configureClocks.s43.c" -lcN
#        "C:\Documents and Settings\Daniel\My
#        Documents\IAR_Projects\LEDinterrupt430FR\Debug\List\" -o "C:\Documents
#        and Settings\Daniel\My
#        Documents\IAR_Projects\LEDinterrupt430FR\Debug\Obj\" --debug
#        -D__MSP430FR6989__ -e --double=32 --dlib_config "C:\Program Files\IAR
#        Systems\Embedded Workbench 7.0\430\lib\dlib\dl430xlsfn.h" --core=430X
#        --data_model=small -Oh --multiplier=32 --multiplier_location=4C0
#        --hw_workaround=CPU40 --hw_workaround=CPU39 --segment __data16=DATA16
#        --segment __data20=DATA20 --code_model=large
#    List file     =  
#        C:\Documents and Settings\Daniel\My
#        Documents\IAR_Projects\LEDinterrupt430FR\Debug\List\configureClocks.s43.lst
#    Object file   =  
#        C:\Documents and Settings\Daniel\My
#        Documents\IAR_Projects\LEDinterrupt430FR\Debug\Obj\configureClocks.s43.r43
#
###############################################################################

C:\Documents and Settings\Daniel\My Documents\IAR_Projects\LEDinterrupt430FR\configureClocks.s43.c
      1          /*------------------------------------------------------------------------------
      2          Sub-routine configurePorts
      3          Author: D. Loveless, 11/7/2016
      4            C-code equivalent:
      5            CSCTL0 = CSKEY;                                       // Write clock system password (0xA500)
      6            CSCTL1 |= DCORSEL + DCOFSEL2;                         // Set DCO to 16 MHz
      7            CSCTL2 |= SELM__DCOCLK + SELA__VLOCLK;                // Set MCLK to be 011 (DCO) and ACLK to be 001 (VLOCLK)
      8            CSCTL3 |= DIVM__1 + DIVA__8;                          // Divide ACLK by 8 (DIVA = 0011), MCLK by 1 (DIVM = 0000)
      9          *-----------------------------------------------------------------------------*/
     10          
     11          #include "msp430.h"                                             ; C-style pre-processor directive
     12          
     13                          name    configureClocks                         ; Module name
     14                          public  configureClocks                         ; Make the routine visible
     15                          rseg    CODE                                    ; Place program in 'CODE' segment
     16             
     17          configureClocks:      
     18          PMM:            mov.w   #CSKEY,&CSCTL0                          ; Write clock system password
     19          SetLEDs:        bis.w   #DCORSEL+DCOFSEL2,&CSCTL1               ; Set DCO to 16 MHz
     20                          bis.w   #SELM__DCOCLK+SELA__VLOCLK,&CSCTL2      ; Set MCLK to be 011 (DCO) and ACLK to be 001 (VLOCLK)
     21                          bis.w   #DIVM__1+DIVA__8,&CSCTL3                ; Divide ACLK by 8 (DIVA = 0011), MCLK by 1 (DIVM = 0000)
     22                          ret                                             ; Return to main
     23                          end

Errors: 22
Warnings: 2
